<?xml version="1.0" encoding="UTF-8"?>
<coverage generated="1771197388082" clover="3.2.0">
  <project timestamp="1771197388082" name="All files">
    <metrics statements="9" coveredstatements="6" conditionals="12" coveredconditionals="8" methods="3" coveredmethods="2" elements="24" coveredelements="16" complexity="0" loc="9" ncloc="9" packages="1" files="1" classes="1"/>
    <file name="calc.mjs" path="C:\code\devcontainer\src\utils\calc.mjs">
      <metrics statements="9" coveredstatements="6" conditionals="12" coveredconditionals="8" methods="3" coveredmethods="2"/>
      <line num="8" count="3" type="cond" truecount="4" falsecount="0"/>
      <line num="9" count="1" type="stmt"/>
      <line num="11" count="2" type="stmt"/>
      <line num="21" count="4" type="cond" truecount="4" falsecount="0"/>
      <line num="22" count="1" type="stmt"/>
      <line num="24" count="3" type="stmt"/>
      <line num="35" count="0" type="cond" truecount="0" falsecount="4"/>
      <line num="36" count="0" type="stmt"/>
      <line num="38" count="0" type="stmt"/>
    </file>
  </project>
</coverage>
