{"C:\\code\\devcontainer\\src\\utils\\calc.mjs": {"path":"C:\\code\\devcontainer\\src\\utils\\calc.mjs","statementMap":{"0":{"start":{"line":8,"column":4},"end":{"line":10,"column":5}},"1":{"start":{"line":9,"column":8},"end":{"line":9,"column":58}},"2":{"start":{"line":11,"column":4},"end":{"line":11,"column":23}},"3":{"start":{"line":21,"column":4},"end":{"line":23,"column":5}},"4":{"start":{"line":22,"column":8},"end":{"line":22,"column":58}},"5":{"start":{"line":24,"column":4},"end":{"line":24,"column":23}},"6":{"start":{"line":35,"column":4},"end":{"line":37,"column":5}},"7":{"start":{"line":36,"column":8},"end":{"line":36,"column":58}},"8":{"start":{"line":38,"column":4},"end":{"line":38,"column":23}}},"fnMap":{"0":{"name":"add","decl":{"start":{"line":7,"column":16},"end":{"line":7,"column":19}},"loc":{"start":{"line":7,"column":32},"end":{"line":12,"column":1}},"line":7},"1":{"name":"mult","decl":{"start":{"line":20,"column":16},"end":{"line":20,"column":20}},"loc":{"start":{"line":20,"column":33},"end":{"line":25,"column":1}},"line":20},"2":{"name":"sub","decl":{"start":{"line":33,"column":16},"end":{"line":33,"column":19}},"loc":{"start":{"line":34,"column":13},"end":{"line":39,"column":1}},"line":34}},"branchMap":{"0":{"loc":{"start":{"line":8,"column":4},"end":{"line":10,"column":5}},"type":"if","locations":[{"start":{"line":8,"column":4},"end":{"line":10,"column":5}},{"start":{},"end":{}}],"line":8},"1":{"loc":{"start":{"line":8,"column":8},"end":{"line":8,"column":60}},"type":"binary-expr","locations":[{"start":{"line":8,"column":8},"end":{"line":8,"column":32}},{"start":{"line":8,"column":36},"end":{"line":8,"column":60}}],"line":8},"2":{"loc":{"start":{"line":21,"column":4},"end":{"line":23,"column":5}},"type":"if","locations":[{"start":{"line":21,"column":4},"end":{"line":23,"column":5}},{"start":{},"end":{}}],"line":21},"3":{"loc":{"start":{"line":21,"column":8},"end":{"line":21,"column":60}},"type":"binary-expr","locations":[{"start":{"line":21,"column":8},"end":{"line":21,"column":32}},{"start":{"line":21,"column":36},"end":{"line":21,"column":60}}],"line":21},"4":{"loc":{"start":{"line":35,"column":4},"end":{"line":37,"column":5}},"type":"if","locations":[{"start":{"line":35,"column":4},"end":{"line":37,"column":5}},{"start":{},"end":{}}],"line":35},"5":{"loc":{"start":{"line":35,"column":8},"end":{"line":35,"column":60}},"type":"binary-expr","locations":[{"start":{"line":35,"column":8},"end":{"line":35,"column":32}},{"start":{"line":35,"column":36},"end":{"line":35,"column":60}}],"line":35}},"s":{"0":3,"1":1,"2":2,"3":4,"4":1,"5":3,"6":0,"7":0,"8":0},"f":{"0":3,"1":4,"2":0},"b":{"0":[1,2],"1":[3,3],"2":[1,3],"3":[4,4],"4":[0,0],"5":[0,0]},"inputSourceMap":null,"_coverageSchema":"1a1c01bbd47fc00a2c39e90264f33305004495a9","hash":"d0bd269170ff6c01092159cc7375cf0c2d9ee11c"}
}
